<?xml version="1.0" encoding="UTF-8"?>
<testng-results skipped="0" failed="0" ignored="1" total="2" passed="1">
  <reporter-output>
  </reporter-output>
  <suite name="Suite" duration-ms="52" started-at="2019-05-03T15:09:50Z" finished-at="2019-05-03T15:09:50Z">
    <groups>
    </groups>
    <test name="Test" duration-ms="52" started-at="2019-05-03T15:09:50Z" finished-at="2019-05-03T15:09:50Z">
      <class name="com.test.TestNGBasics">
        <test-method status="PASS" signature="beforeClass()[pri:0, instance:com.test.TestNGBasics@62ee68d8]" name="beforeClass" is-config="true" duration-ms="11" started-at="2019-05-03T15:09:50Z" finished-at="2019-05-03T15:09:50Z">
          <reporter-output>
          </reporter-output>
        </test-method> <!-- beforeClass -->
        <test-method status="PASS" signature="test(java.lang.String, java.lang.String)[pri:0, instance:com.test.TestNGBasics@62ee68d8]" name="test" duration-ms="7" started-at="2019-05-03T15:09:50Z" finished-at="2019-05-03T15:09:50Z">
          <params>
            <param index="0">
              <value>
                <![CDATA[hello]]>
              </value>
            </param>
            <param index="1">
              <value>
                <![CDATA[abcd]]>
              </value>
            </param>
          </params>
          <reporter-output>
          </reporter-output>
        </test-method> <!-- test -->
        <test-method status="PASS" signature="beforeMethod()[pri:0, instance:com.test.TestNGBasics@62ee68d8]" name="beforeMethod" is-config="true" duration-ms="0" started-at="2019-05-03T15:09:50Z" finished-at="2019-05-03T15:09:50Z">
          <reporter-output>
          </reporter-output>
        </test-method> <!-- beforeMethod -->
        <test-method status="PASS" signature="afterMethod()[pri:0, instance:com.test.TestNGBasics@62ee68d8]" name="afterMethod" is-config="true" duration-ms="0" started-at="2019-05-03T15:09:50Z" finished-at="2019-05-03T15:09:50Z">
          <reporter-output>
          </reporter-output>
        </test-method> <!-- afterMethod -->
        <test-method status="PASS" signature="AfterClass()[pri:0, instance:com.test.TestNGBasics@62ee68d8]" name="AfterClass" is-config="true" duration-ms="1" started-at="2019-05-03T15:09:50Z" finished-at="2019-05-03T15:09:50Z">
          <reporter-output>
          </reporter-output>
        </test-method> <!-- AfterClass -->
      </class> <!-- com.test.TestNGBasics -->
    </test> <!-- Test -->
  </suite> <!-- Suite -->
</testng-results>
